Arguments: 
  /Users/mortega/.nvm/versions/node/v8.16.0/bin/node /usr/local/Cellar/yarn/1.17.3/libexec/bin/yarn.js add express

PATH: 
  /_MORTEGA_/SOFTWARES_MAC/Google-Platform/google-cloud-sdk/bin:/Users/mortega/.nvm/versions/node/v8.16.0/bin:/usr/local/gradle/gradle-3.5/bin:/usr/local/opt/node@10/bin:/usr/local/bin:/usr/bin:/bin:/usr/sbin:/sbin

Yarn version: 
  1.17.3

Node version: 
  8.16.0

Platform: 
  darwin x64

Trace: 
  Error: getaddrinfo ENOTFOUND af.cds.bns af.cds.bns:443
      at GetAddrInfoReqWrap.onlookup [as oncomplete] (dns.js:67:26)

npm manifest: 
  {
      "dependencies": {
      }
  }

yarn manifest: 
  No manifest

Lockfile: 
  No lockfile
